<?xml version="1.0" encoding="UTF-8"?>
<!-- Generated by org.testng.reporters.JUnitReportReporter -->
<testsuite skipped="0" hostname="ICPL12103" name="com.test.Runner" tests="1" failures="0" timestamp="25 Jan 2017 09:28:57 GMT" time="46.794" errors="0">
  <testcase name="run_cukes" time="46.794" classname="com.test.Runner"/>
</testsuite> <!-- com.test.Runner -->
